<?xml version="1.0" encoding="UTF-8"?>
<!-- Generated by org.testng.reporters.JUnitXMLReporter -->
<testsuite ignored="0" hostname="LAPTOP-9CTQ7N0R" failures="0" tests="2" name="Default test" time="0.036" errors="0" timestamp="2020-09-13T18:22:31 IST">
  <testcase classname="framework.javaframework.MyStoresTest" name="@BeforeClass fnLaunchBrowser" time="-1.600001551643E9">
    <failure type="org.testng.TestNGException" message="
Parameter &amp;apos;URL&amp;apos; is required by BeforeClass on method fnLaunchBrowser but has not been marked @Optional or defined
in C:\Users\R_anb\AppData\Local\Temp\testng-eclipse-972503857\testng-customsuite.xml">
      <![CDATA[org.testng.TestNGException: 
Parameter 'URL' is required by BeforeClass on method fnLaunchBrowser but has not been marked @Optional or defined
in C:\Users\R_anb\AppData\Local\Temp\testng-eclipse-972503857\testng-customsuite.xml
at org.testng.internal.Parameters.createParams(Parameters.java:268)
at org.testng.internal.Parameters.createParametersForMethod(Parameters.java:356)
at org.testng.internal.Parameters.createParameters(Parameters.java:700)
at org.testng.internal.Parameters.createConfigurationParameters(Parameters.java:166)
at org.testng.internal.ConfigInvoker.invokeConfigurations(ConfigInvoker.java:301)
at org.testng.internal.TestMethodWorker.invokeBeforeClassMethods(TestMethodWorker.java:176)
at org.testng.internal.TestMethodWorker.run(TestMethodWorker.java:122)
at java.base/java.util.ArrayList.forEach(ArrayList.java:1511)
at org.testng.TestRunner.privateRun(TestRunner.java:764)
at org.testng.TestRunner.run(TestRunner.java:585)
at org.testng.SuiteRunner.runTest(SuiteRunner.java:384)
at org.testng.SuiteRunner.runSequentially(SuiteRunner.java:378)
at org.testng.SuiteRunner.privateRun(SuiteRunner.java:337)
at org.testng.SuiteRunner.run(SuiteRunner.java:286)
at org.testng.SuiteRunnerWorker.runSuite(SuiteRunnerWorker.java:53)
at org.testng.SuiteRunnerWorker.run(SuiteRunnerWorker.java:96)
at org.testng.TestNG.runSuitesSequentially(TestNG.java:1218)
at org.testng.TestNG.runSuitesLocally(TestNG.java:1140)
at org.testng.TestNG.runSuites(TestNG.java:1069)
at org.testng.TestNG.run(TestNG.java:1037)
at org.testng.remote.AbstractRemoteTestNG.run(AbstractRemoteTestNG.java:115)
at org.testng.remote.RemoteTestNG.initAndRun(RemoteTestNG.java:251)
at org.testng.remote.RemoteTestNG.main(RemoteTestNG.java:77)
]]>
    </failure>
  </testcase> <!-- @BeforeClass fnLaunchBrowser -->
  <testcase classname="framework.javaframework.MyStoresTest" name="@AfterClass closeBrowsers" time="-1.600001551667E9">
    <skipped/>
  </testcase> <!-- @AfterClass closeBrowsers -->
  <testcase classname="framework.javaframework.MyStoresTest" name="fnCreateNewAccoount" time="0.0">
    <skipped/>
  </testcase> <!-- fnCreateNewAccoount -->
  <testcase classname="framework.javaframework.MyStoresTest" name="printdata" time="0.0">
    <skipped/>
  </testcase> <!-- printdata -->
</testsuite> <!-- Default test -->
